RUN	uk.gov.dhsc.htbhf.ClaimSimulation	claimsimulation	1548867804312	Performance tests	3.0.1.1
USER	ClaimSimulation	1	START	1548867805839	1548867805839
USER	ClaimSimulation	2	START	1548867805884	1548867805884
USER	ClaimSimulation	3	START	1548867805887	1548867805887
USER	ClaimSimulation	4	START	1548867805892	1548867805892
USER	ClaimSimulation	5	START	1548867805893	1548867805893
USER	ClaimSimulation	6	START	1548867805894	1548867805894
USER	ClaimSimulation	7	START	1548867805895	1548867805895
USER	ClaimSimulation	8	START	1548867805896	1548867805896
USER	ClaimSimulation	9	START	1548867805896	1548867805896
USER	ClaimSimulation	10	START	1548867805897	1548867805897
USER	ClaimSimulation	11	START	1548867805898	1548867805898
USER	ClaimSimulation	12	START	1548867805898	1548867805898
USER	ClaimSimulation	13	START	1548867805899	1548867805899
USER	ClaimSimulation	14	START	1548867805900	1548867805900
USER	ClaimSimulation	15	START	1548867805903	1548867805903
USER	ClaimSimulation	16	START	1548867805905	1548867805905
USER	ClaimSimulation	17	START	1548867805906	1548867805906
USER	ClaimSimulation	18	START	1548867805906	1548867805906
USER	ClaimSimulation	19	START	1548867805909	1548867805909
USER	ClaimSimulation	20	START	1548867805911	1548867805911
USER	ClaimSimulation	21	START	1548867805913	1548867805913
USER	ClaimSimulation	22	START	1548867805914	1548867805914
USER	ClaimSimulation	23	START	1548867805916	1548867805916
USER	ClaimSimulation	24	START	1548867805918	1548867805918
USER	ClaimSimulation	25	START	1548867805920	1548867805920
USER	ClaimSimulation	26	START	1548867805923	1548867805923
USER	ClaimSimulation	27	START	1548867805924	1548867805924
USER	ClaimSimulation	28	START	1548867805927	1548867805927
USER	ClaimSimulation	29	START	1548867805928	1548867805928
USER	ClaimSimulation	30	START	1548867805929	1548867805929
USER	ClaimSimulation	31	START	1548867805931	1548867805931
USER	ClaimSimulation	32	START	1548867805933	1548867805933
USER	ClaimSimulation	33	START	1548867805935	1548867805935
USER	ClaimSimulation	34	START	1548867805935	1548867805935
USER	ClaimSimulation	35	START	1548867805937	1548867805937
USER	ClaimSimulation	36	START	1548867805939	1548867805939
USER	ClaimSimulation	37	START	1548867805941	1548867805941
USER	ClaimSimulation	38	START	1548867805942	1548867805942
USER	ClaimSimulation	39	START	1548867805944	1548867805944
USER	ClaimSimulation	40	START	1548867805946	1548867805946
USER	ClaimSimulation	41	START	1548867805947	1548867805947
USER	ClaimSimulation	42	START	1548867805949	1548867805949
USER	ClaimSimulation	43	START	1548867805950	1548867805950
USER	ClaimSimulation	44	START	1548867805964	1548867805964
USER	ClaimSimulation	45	START	1548867805966	1548867805966
USER	ClaimSimulation	46	START	1548867805967	1548867805967
USER	ClaimSimulation	47	START	1548867805967	1548867805967
USER	ClaimSimulation	48	START	1548867805969	1548867805969
USER	ClaimSimulation	49	START	1548867805969	1548867805969
USER	ClaimSimulation	50	START	1548867805970	1548867805970
REQUEST	8		enter_name_page	1548867805896	1548867806369	OK	 
REQUEST	3		enter_name_page	1548867805888	1548867806393	OK	 
REQUEST	25		enter_name_page	1548867805920	1548867806392	OK	 
REQUEST	14		enter_name_page	1548867805903	1548867806403	OK	 
REQUEST	24		enter_name_page	1548867805919	1548867806474	OK	 
REQUEST	39		enter_name_page	1548867805944	1548867806482	OK	 
REQUEST	1		enter_name_page	1548867805879	1548867806485	OK	 
REQUEST	6		enter_name_page	1548867805895	1548867806478	OK	 
REQUEST	28		enter_name_page	1548867805928	1548867806489	OK	 
REQUEST	31		enter_name_page	1548867805932	1548867806489	OK	 
REQUEST	13		enter_name_page	1548867805899	1548867806499	OK	 
REQUEST	29		enter_name_page	1548867805929	1548867806509	OK	 
REQUEST	20		enter_name_page	1548867805911	1548867806505	OK	 
REQUEST	34		enter_name_page	1548867805936	1548867806502	OK	 
REQUEST	21		enter_name_page	1548867805913	1548867806513	OK	 
REQUEST	27		enter_name_page	1548867805924	1548867806516	OK	 
REQUEST	11		enter_name_page	1548867805898	1548867806519	OK	 
REQUEST	18		enter_name_page	1548867805907	1548867806522	OK	 
REQUEST	15		enter_name_page	1548867805904	1548867806529	OK	 
REQUEST	41		enter_name_page	1548867805947	1548867806523	OK	 
REQUEST	47		enter_name_page	1548867805968	1548867806536	OK	 
REQUEST	45		enter_name_page	1548867805966	1548867806536	OK	 
REQUEST	30		enter_name_page	1548867805929	1548867806534	OK	 
REQUEST	36		enter_name_page	1548867805940	1548867806517	OK	 
REQUEST	19		enter_name_page	1548867805910	1548867806540	OK	 
REQUEST	33		enter_name_page	1548867805935	1548867806539	OK	 
REQUEST	49		enter_name_page	1548867805970	1548867806545	OK	 
REQUEST	40		enter_name_page	1548867805946	1548867806542	OK	 
REQUEST	26		enter_name_page	1548867805923	1548867806543	OK	 
REQUEST	44		enter_name_page	1548867805965	1548867806547	OK	 
REQUEST	42		enter_name_page	1548867805950	1548867806553	OK	 
REQUEST	7		enter_name_page	1548867805896	1548867806547	OK	 
REQUEST	9		enter_name_page	1548867805897	1548867806555	OK	 
REQUEST	32		enter_name_page	1548867805933	1548867806556	OK	 
REQUEST	35		enter_name_page	1548867805938	1548867806557	OK	 
REQUEST	17		enter_name_page	1548867805906	1548867806566	OK	 
REQUEST	2		enter_name_page	1548867805886	1548867806564	OK	 
REQUEST	12		enter_name_page	1548867805899	1548867806568	OK	 
REQUEST	23		enter_name_page	1548867805917	1548867806567	OK	 
REQUEST	43		enter_name_page	1548867805951	1548867806571	OK	 
REQUEST	16		enter_name_page	1548867805905	1548867806573	OK	 
REQUEST	46		enter_name_page	1548867805967	1548867806569	OK	 
REQUEST	22		enter_name_page	1548867805915	1548867806575	OK	 
REQUEST	5		enter_name_page	1548867805894	1548867806571	OK	 
REQUEST	50		enter_name_page	1548867805970	1548867806578	OK	 
REQUEST	37		enter_name_page	1548867805941	1548867806578	OK	 
REQUEST	4		enter_name_page	1548867805893	1548867806576	OK	 
REQUEST	10		enter_name_page	1548867805898	1548867806580	OK	 
REQUEST	48		enter_name_page	1548867805969	1548867806587	OK	 
REQUEST	3		send_name	1548867806471	1548867806588	OK	 
REQUEST	25		send_name	1548867806484	1548867806598	OK	 
REQUEST	8		send_name	1548867806473	1548867806591	OK	 
REQUEST	24		send_name	1548867806488	1548867806601	OK	 
REQUEST	1		send_name	1548867806495	1548867806603	OK	 
REQUEST	38		enter_name_page	1548867805943	1548867806596	OK	 
REQUEST	39		send_name	1548867806488	1548867806605	OK	 
REQUEST	14		send_name	1548867806477	1548867806606	OK	 
REQUEST	28		send_name	1548867806505	1548867806607	OK	 
REQUEST	6		send_name	1548867806501	1548867806608	OK	 
REQUEST	13		send_name	1548867806508	1548867806611	OK	 
REQUEST	31		send_name	1548867806505	1548867806612	OK	 
REQUEST	29		send_name	1548867806512	1548867806615	OK	 
REQUEST	27		send_name	1548867806518	1548867806621	OK	 
REQUEST	20		send_name	1548867806516	1548867806622	OK	 
REQUEST	34		send_name	1548867806521	1548867806625	OK	 
REQUEST	21		send_name	1548867806522	1548867806632	OK	 
REQUEST	11		send_name	1548867806528	1548867806633	OK	 
REQUEST	18		send_name	1548867806533	1548867806638	OK	 
REQUEST	15		send_name	1548867806536	1548867806640	OK	 
REQUEST	41		send_name	1548867806536	1548867806643	OK	 
REQUEST	47		send_name	1548867806538	1548867806645	OK	 
REQUEST	45		send_name	1548867806538	1548867806645	OK	 
REQUEST	30		send_name	1548867806542	1548867806652	OK	 
REQUEST	36		send_name	1548867806541	1548867806654	OK	 
REQUEST	19		send_name	1548867806544	1548867806655	OK	 
REQUEST	33		send_name	1548867806544	1548867806656	OK	 
REQUEST	40		send_name	1548867806547	1548867806659	OK	 
REQUEST	26		send_name	1548867806552	1548867806661	OK	 
REQUEST	44		send_name	1548867806553	1548867806661	OK	 
REQUEST	49		send_name	1548867806554	1548867806665	OK	 
REQUEST	42		send_name	1548867806556	1548867806666	OK	 
REQUEST	7		send_name	1548867806554	1548867806669	OK	 
REQUEST	9		send_name	1548867806565	1548867806671	OK	 
REQUEST	32		send_name	1548867806567	1548867806673	OK	 
REQUEST	2		send_name	1548867806569	1548867806673	OK	 
REQUEST	35		send_name	1548867806566	1548867806681	OK	 
REQUEST	17		send_name	1548867806571	1548867806685	OK	 
REQUEST	23		send_name	1548867806571	1548867806688	OK	 
REQUEST	12		send_name	1548867806573	1548867806689	OK	 
REQUEST	16		send_name	1548867806575	1548867806696	OK	 
REQUEST	43		send_name	1548867806573	1548867806696	OK	 
REQUEST	46		send_name	1548867806575	1548867806697	OK	 
REQUEST	5		send_name	1548867806577	1548867806707	OK	 
REQUEST	22		send_name	1548867806577	1548867806710	OK	 
REQUEST	50		send_name	1548867806579	1548867806711	OK	 
REQUEST	48		send_name	1548867806590	1548867806713	OK	 
REQUEST	37		send_name	1548867806589	1548867806713	OK	 
REQUEST	4		send_name	1548867806586	1548867806714	OK	 
REQUEST	10		send_name	1548867806595	1548867806714	OK	 
REQUEST	8		send_name Redirect 1	1548867806600	1548867806731	OK	 
REQUEST	1		send_name Redirect 1	1548867806604	1548867806732	OK	 
REQUEST	3		send_name Redirect 1	1548867806597	1548867806731	OK	 
REQUEST	14		send_name Redirect 1	1548867806608	1548867806736	OK	 
REQUEST	28		send_name Redirect 1	1548867806608	1548867806740	OK	 
REQUEST	24		send_name Redirect 1	1548867806602	1548867806741	OK	 
REQUEST	38		send_name	1548867806605	1548867806744	OK	 
REQUEST	25		send_name Redirect 1	1548867806599	1548867806744	OK	 
REQUEST	6		send_name Redirect 1	1548867806609	1548867806750	OK	 
REQUEST	13		send_name Redirect 1	1548867806611	1548867806750	OK	 
REQUEST	34		send_name Redirect 1	1548867806626	1548867806753	OK	 
REQUEST	39		send_name Redirect 1	1548867806607	1548867806752	OK	 
REQUEST	20		send_name Redirect 1	1548867806622	1548867806754	OK	 
REQUEST	27		send_name Redirect 1	1548867806622	1548867806754	OK	 
REQUEST	29		send_name Redirect 1	1548867806615	1548867806756	OK	 
REQUEST	31		send_name Redirect 1	1548867806613	1548867806759	OK	 
REQUEST	21		send_name Redirect 1	1548867806633	1548867806768	OK	 
REQUEST	18		send_name Redirect 1	1548867806639	1548867806770	OK	 
REQUEST	41		send_name Redirect 1	1548867806644	1548867806770	OK	 
REQUEST	15		send_name Redirect 1	1548867806641	1548867806772	OK	 
REQUEST	45		send_name Redirect 1	1548867806646	1548867806772	OK	 
REQUEST	11		send_name Redirect 1	1548867806634	1548867806773	OK	 
REQUEST	47		send_name Redirect 1	1548867806646	1548867806780	OK	 
REQUEST	40		send_name Redirect 1	1548867806660	1548867806789	OK	 
REQUEST	30		send_name Redirect 1	1548867806653	1548867806792	OK	 
REQUEST	26		send_name Redirect 1	1548867806662	1548867806794	OK	 
REQUEST	44		send_name Redirect 1	1548867806664	1548867806800	OK	 
REQUEST	42		send_name Redirect 1	1548867806667	1548867806803	OK	 
REQUEST	36		send_name Redirect 1	1548867806655	1548867806803	OK	 
REQUEST	49		send_name Redirect 1	1548867806666	1548867806795	OK	 
REQUEST	19		send_name Redirect 1	1548867806655	1548867806789	OK	 
REQUEST	2		send_name Redirect 1	1548867806674	1548867806808	OK	 
REQUEST	33		send_name Redirect 1	1548867806657	1548867806809	OK	 
REQUEST	9		send_name Redirect 1	1548867806672	1548867806811	OK	 
REQUEST	17		send_name Redirect 1	1548867806686	1548867806812	OK	 
REQUEST	7		send_name Redirect 1	1548867806670	1548867806815	OK	 
REQUEST	32		send_name Redirect 1	1548867806674	1548867806817	OK	 
REQUEST	12		send_name Redirect 1	1548867806689	1548867806818	OK	 
REQUEST	46		send_name Redirect 1	1548867806698	1548867806819	OK	 
REQUEST	16		send_name Redirect 1	1548867806697	1548867806820	OK	 
REQUEST	23		send_name Redirect 1	1548867806689	1548867806825	OK	 
REQUEST	35		send_name Redirect 1	1548867806682	1548867806826	OK	 
REQUEST	43		send_name Redirect 1	1548867806697	1548867806829	OK	 
REQUEST	5		send_name Redirect 1	1548867806708	1548867806834	OK	 
REQUEST	4		send_name Redirect 1	1548867806714	1548867806836	OK	 
REQUEST	10		send_name Redirect 1	1548867806715	1548867806836	OK	 
REQUEST	48		send_name Redirect 1	1548867806713	1548867806838	OK	 
REQUEST	50		send_name Redirect 1	1548867806712	1548867806838	OK	 
REQUEST	22		send_name Redirect 1	1548867806711	1548867806840	OK	 
REQUEST	37		send_name Redirect 1	1548867806714	1548867806839	OK	 
REQUEST	8		enter_nino_page	1548867806739	1548867806846	OK	 
REQUEST	3		enter_nino_page	1548867806739	1548867806846	OK	 
REQUEST	14		enter_nino_page	1548867806739	1548867806849	OK	 
REQUEST	28		enter_nino_page	1548867806741	1548867806860	OK	 
REQUEST	1		enter_nino_page	1548867806743	1548867806861	OK	 
REQUEST	24		enter_nino_page	1548867806743	1548867806863	OK	 
REQUEST	38		send_name Redirect 1	1548867806745	1548867806865	OK	 
REQUEST	25		enter_nino_page	1548867806745	1548867806867	OK	 
REQUEST	6		enter_nino_page	1548867806751	1548867806880	OK	 
REQUEST	27		enter_nino_page	1548867806758	1548867806881	OK	 
REQUEST	20		enter_nino_page	1548867806755	1548867806882	OK	 
REQUEST	39		enter_nino_page	1548867806754	1548867806884	OK	 
REQUEST	34		enter_nino_page	1548867806756	1548867806884	OK	 
REQUEST	31		enter_nino_page	1548867806760	1548867806893	OK	 
REQUEST	18		enter_nino_page	1548867806771	1548867806894	OK	 
REQUEST	15		enter_nino_page	1548867806773	1548867806895	OK	 
REQUEST	13		enter_nino_page	1548867806751	1548867806879	OK	 
REQUEST	30		enter_nino_page	1548867806793	1548867806900	OK	 
REQUEST	29		enter_nino_page	1548867806758	1548867806897	OK	 
REQUEST	40		enter_nino_page	1548867806791	1548867806906	OK	 
REQUEST	11		enter_nino_page	1548867806774	1548867806899	OK	 
REQUEST	47		enter_nino_page	1548867806786	1548867806908	OK	 
REQUEST	21		enter_nino_page	1548867806769	1548867806906	OK	 
REQUEST	41		enter_nino_page	1548867806771	1548867806910	OK	 
REQUEST	45		enter_nino_page	1548867806774	1548867806913	OK	 
REQUEST	44		enter_nino_page	1548867806802	1548867806918	OK	 
REQUEST	26		enter_nino_page	1548867806802	1548867806919	OK	 
REQUEST	42		enter_nino_page	1548867806804	1548867806923	OK	 
REQUEST	36		enter_nino_page	1548867806804	1548867806923	OK	 
REQUEST	49		enter_nino_page	1548867806808	1548867806943	OK	 
REQUEST	19		enter_nino_page	1548867806815	1548867806945	OK	 
REQUEST	32		enter_nino_page	1548867806818	1548867806947	OK	 
REQUEST	2		enter_nino_page	1548867806809	1548867806949	OK	 
REQUEST	17		enter_nino_page	1548867806813	1548867806952	OK	 
REQUEST	12		enter_nino_page	1548867806819	1548867806963	OK	 
REQUEST	33		enter_nino_page	1548867806810	1548867806957	OK	 
REQUEST	16		enter_nino_page	1548867806820	1548867806965	OK	 
REQUEST	46		enter_nino_page	1548867806820	1548867806966	OK	 
REQUEST	7		enter_nino_page	1548867806822	1548867806967	OK	 
REQUEST	9		enter_nino_page	1548867806812	1548867806968	OK	 
REQUEST	23		enter_nino_page	1548867806826	1548867806990	OK	 
REQUEST	4		enter_nino_page	1548867806837	1548867806992	OK	 
REQUEST	5		enter_nino_page	1548867806835	1548867806992	OK	 
REQUEST	43		enter_nino_page	1548867806830	1548867806995	OK	 
REQUEST	35		enter_nino_page	1548867806827	1548867806996	OK	 
REQUEST	37		enter_nino_page	1548867806841	1548867806998	OK	 
REQUEST	48		enter_nino_page	1548867806839	1548867806999	OK	 
REQUEST	10		enter_nino_page	1548867806837	1548867806999	OK	 
REQUEST	22		enter_nino_page	1548867806841	1548867807001	OK	 
REQUEST	50		enter_nino_page	1548867806840	1548867807002	OK	 
REQUEST	8		send_nino	1548867806848	1548867807018	OK	 
REQUEST	14		send_nino	1548867806851	1548867807019	OK	 
REQUEST	24		send_nino	1548867806867	1548867807019	OK	 
REQUEST	28		send_nino	1548867806862	1548867807020	OK	 
REQUEST	3		send_nino	1548867806848	1548867807021	OK	 
REQUEST	27		send_nino	1548867806882	1548867807022	OK	 
REQUEST	1		send_nino	1548867806863	1548867807023	OK	 
REQUEST	6		send_nino	1548867806882	1548867807023	OK	 
REQUEST	25		send_nino	1548867806869	1548867807024	OK	 
REQUEST	34		send_nino	1548867806885	1548867807024	OK	 
REQUEST	38		enter_nino_page	1548867806869	1548867807025	OK	 
REQUEST	20		send_nino	1548867806883	1548867807027	OK	 
REQUEST	15		send_nino	1548867806899	1548867807039	OK	 
REQUEST	29		send_nino	1548867806905	1548867807039	OK	 
REQUEST	39		send_nino	1548867806885	1548867807040	OK	 
REQUEST	13		send_nino	1548867806897	1548867807041	OK	 
REQUEST	31		send_nino	1548867806895	1548867807041	OK	 
REQUEST	21		send_nino	1548867806909	1548867807041	OK	 
REQUEST	45		send_nino	1548867806917	1548867807042	OK	 
REQUEST	47		send_nino	1548867806911	1548867807042	OK	 
REQUEST	41		send_nino	1548867806913	1548867807043	OK	 
REQUEST	11		send_nino	1548867806907	1548867807043	OK	 
REQUEST	18		send_nino	1548867806895	1548867807038	OK	 
REQUEST	30		send_nino	1548867806901	1548867807045	OK	 
REQUEST	40		send_nino	1548867806907	1548867807045	OK	 
REQUEST	44		send_nino	1548867806919	1548867807046	OK	 
REQUEST	19		send_nino	1548867806946	1548867807052	OK	 
REQUEST	36		send_nino	1548867806924	1548867807052	OK	 
REQUEST	26		send_nino	1548867806920	1548867807048	OK	 
REQUEST	32		send_nino	1548867806948	1548867807054	OK	 
REQUEST	42		send_nino	1548867806924	1548867807054	OK	 
REQUEST	49		send_nino	1548867806951	1548867807056	OK	 
REQUEST	2		send_nino	1548867806950	1548867807057	OK	 
REQUEST	17		send_nino	1548867806956	1548867807060	OK	 
REQUEST	12		send_nino	1548867806964	1548867807073	OK	 
REQUEST	33		send_nino	1548867806964	1548867807076	OK	 
REQUEST	46		send_nino	1548867806966	1548867807078	OK	 
REQUEST	16		send_nino	1548867806967	1548867807084	OK	 
REQUEST	9		send_nino	1548867806970	1548867807089	OK	 
REQUEST	7		send_nino	1548867806968	1548867807089	OK	 
REQUEST	23		send_nino	1548867806992	1548867807101	OK	 
REQUEST	4		send_nino	1548867806993	1548867807102	OK	 
REQUEST	5		send_nino	1548867806994	1548867807102	OK	 
REQUEST	43		send_nino	1548867806996	1548867807106	OK	 
REQUEST	48		send_nino	1548867806999	1548867807106	OK	 
REQUEST	10		send_nino	1548867807000	1548867807108	OK	 
REQUEST	22		send_nino	1548867807001	1548867807114	OK	 
REQUEST	37		send_nino	1548867807004	1548867807114	OK	 
REQUEST	35		send_nino	1548867806998	1548867807115	OK	 
REQUEST	50		send_nino	1548867807003	1548867807115	OK	 
REQUEST	14		send_nino Redirect 1	1548867807019	1548867807127	OK	 
REQUEST	8		send_nino Redirect 1	1548867807019	1548867807127	OK	 
REQUEST	28		send_nino Redirect 1	1548867807021	1548867807151	OK	 
REQUEST	34		send_nino Redirect 1	1548867807024	1548867807153	OK	 
REQUEST	24		send_nino Redirect 1	1548867807020	1548867807153	OK	 
REQUEST	6		send_nino Redirect 1	1548867807024	1548867807155	OK	 
REQUEST	20		send_nino Redirect 1	1548867807028	1548867807163	OK	 
REQUEST	27		send_nino Redirect 1	1548867807022	1548867807155	OK	 
REQUEST	3		send_nino Redirect 1	1548867807021	1548867807165	OK	 
REQUEST	1		send_nino Redirect 1	1548867807023	1548867807155	OK	 
REQUEST	25		send_nino Redirect 1	1548867807024	1548867807167	OK	 
REQUEST	38		send_nino	1548867807026	1548867807169	OK	 
REQUEST	15		send_nino Redirect 1	1548867807040	1548867807201	OK	 
REQUEST	21		send_nino Redirect 1	1548867807042	1548867807203	OK	 
REQUEST	30		send_nino Redirect 1	1548867807046	1548867807205	OK	 
REQUEST	29		send_nino Redirect 1	1548867807040	1548867807205	OK	 
REQUEST	18		send_nino Redirect 1	1548867807045	1548867807206	OK	 
REQUEST	13		send_nino Redirect 1	1548867807041	1548867807206	OK	 
REQUEST	31		send_nino Redirect 1	1548867807042	1548867807204	OK	 
REQUEST	41		send_nino Redirect 1	1548867807043	1548867807207	OK	 
REQUEST	39		send_nino Redirect 1	1548867807041	1548867807208	OK	 
REQUEST	47		send_nino Redirect 1	1548867807043	1548867807209	OK	 
REQUEST	44		send_nino Redirect 1	1548867807047	1548867807209	OK	 
REQUEST	11		send_nino Redirect 1	1548867807043	1548867807210	OK	 
REQUEST	40		send_nino Redirect 1	1548867807046	1548867807210	OK	 
REQUEST	19		send_nino Redirect 1	1548867807052	1548867807211	OK	 
REQUEST	45		send_nino Redirect 1	1548867807043	1548867807212	OK	 
REQUEST	17		send_nino Redirect 1	1548867807060	1548867807244	OK	 
REQUEST	32		send_nino Redirect 1	1548867807054	1548867807244	OK	 
REQUEST	49		send_nino Redirect 1	1548867807056	1548867807246	OK	 
REQUEST	36		send_nino Redirect 1	1548867807053	1548867807246	OK	 
REQUEST	2		send_nino Redirect 1	1548867807058	1548867807248	OK	 
REQUEST	12		send_nino Redirect 1	1548867807075	1548867807249	OK	 
REQUEST	26		send_nino Redirect 1	1548867807053	1548867807249	OK	 
REQUEST	42		send_nino Redirect 1	1548867807055	1548867807250	OK	 
REQUEST	16		send_nino Redirect 1	1548867807086	1548867807250	OK	 
REQUEST	46		send_nino Redirect 1	1548867807079	1548867807251	OK	 
REQUEST	4		send_nino Redirect 1	1548867807103	1548867807251	OK	 
REQUEST	33		send_nino Redirect 1	1548867807077	1548867807252	OK	 
REQUEST	9		send_nino Redirect 1	1548867807090	1548867807253	OK	 
REQUEST	7		send_nino Redirect 1	1548867807089	1548867807254	OK	 
REQUEST	23		send_nino Redirect 1	1548867807101	1548867807255	OK	 
REQUEST	5		send_nino Redirect 1	1548867807103	1548867807279	OK	 
REQUEST	43		send_nino Redirect 1	1548867807107	1548867807281	OK	 
REQUEST	14		enter_dob_page	1548867807128	1548867807281	OK	 
REQUEST	37		send_nino Redirect 1	1548867807114	1548867807282	OK	 
REQUEST	35		send_nino Redirect 1	1548867807116	1548867807284	OK	 
REQUEST	48		send_nino Redirect 1	1548867807107	1548867807280	OK	 
REQUEST	22		send_nino Redirect 1	1548867807114	1548867807283	OK	 
REQUEST	8		enter_dob_page	1548867807128	1548867807285	OK	 
REQUEST	50		send_nino Redirect 1	1548867807117	1548867807286	OK	 
REQUEST	10		send_nino Redirect 1	1548867807108	1548867807288	OK	 
REQUEST	27		enter_dob_page	1548867807165	1548867807309	OK	 
REQUEST	24		enter_dob_page	1548867807154	1548867807309	OK	 
REQUEST	3		enter_dob_page	1548867807166	1548867807311	OK	 
REQUEST	1		enter_dob_page	1548867807167	1548867807312	OK	 
REQUEST	34		enter_dob_page	1548867807154	1548867807313	OK	 
REQUEST	25		enter_dob_page	1548867807168	1548867807314	OK	 
REQUEST	28		enter_dob_page	1548867807153	1548867807311	OK	 
REQUEST	6		enter_dob_page	1548867807164	1548867807315	OK	 
REQUEST	20		enter_dob_page	1548867807167	1548867807321	OK	 
REQUEST	38		send_nino Redirect 1	1548867807169	1548867807323	OK	 
REQUEST	15		enter_dob_page	1548867807203	1548867807325	OK	 
REQUEST	21		enter_dob_page	1548867807205	1548867807327	OK	 
REQUEST	30		enter_dob_page	1548867807205	1548867807327	OK	 
REQUEST	13		enter_dob_page	1548867807207	1548867807328	OK	 
REQUEST	18		enter_dob_page	1548867807207	1548867807329	OK	 
REQUEST	29		enter_dob_page	1548867807206	1548867807329	OK	 
REQUEST	31		enter_dob_page	1548867807207	1548867807349	OK	 
REQUEST	44		enter_dob_page	1548867807210	1548867807351	OK	 
REQUEST	45		enter_dob_page	1548867807213	1548867807352	OK	 
REQUEST	41		enter_dob_page	1548867807212	1548867807353	OK	 
REQUEST	40		enter_dob_page	1548867807211	1548867807353	OK	 
REQUEST	47		enter_dob_page	1548867807210	1548867807355	OK	 
REQUEST	19		enter_dob_page	1548867807212	1548867807356	OK	 
REQUEST	11		enter_dob_page	1548867807211	1548867807357	OK	 
REQUEST	39		enter_dob_page	1548867807209	1548867807358	OK	 
REQUEST	32		enter_dob_page	1548867807246	1548867807362	OK	 
REQUEST	17		enter_dob_page	1548867807246	1548867807363	OK	 
REQUEST	49		enter_dob_page	1548867807247	1548867807365	OK	 
REQUEST	36		enter_dob_page	1548867807247	1548867807364	OK	 
REQUEST	2		enter_dob_page	1548867807249	1548867807373	OK	 
REQUEST	16		enter_dob_page	1548867807251	1548867807385	OK	 
REQUEST	26		enter_dob_page	1548867807250	1548867807385	OK	 
REQUEST	33		enter_dob_page	1548867807253	1548867807387	OK	 
REQUEST	12		enter_dob_page	1548867807250	1548867807387	OK	 
REQUEST	23		enter_dob_page	1548867807256	1548867807388	OK	 
REQUEST	9		enter_dob_page	1548867807254	1548867807388	OK	 
REQUEST	7		enter_dob_page	1548867807255	1548867807392	OK	 
REQUEST	42		enter_dob_page	1548867807251	1548867807393	OK	 
REQUEST	4		enter_dob_page	1548867807253	1548867807393	OK	 
REQUEST	46		enter_dob_page	1548867807253	1548867807395	OK	 
REQUEST	14		send_dob	1548867807282	1548867807407	OK	 
REQUEST	37		enter_dob_page	1548867807283	1548867807408	OK	 
REQUEST	5		enter_dob_page	1548867807280	1548867807410	OK	 
REQUEST	48		enter_dob_page	1548867807284	1548867807412	OK	 
REQUEST	43		enter_dob_page	1548867807282	1548867807412	OK	 
REQUEST	35		enter_dob_page	1548867807284	1548867807413	OK	 
USER	ClaimSimulation	14	END	1548867805900	1548867807416
REQUEST	8		send_dob	1548867807287	1548867807418	OK	 
USER	ClaimSimulation	8	END	1548867805896	1548867807419
REQUEST	22		enter_dob_page	1548867807286	1548867807420	OK	 
REQUEST	50		enter_dob_page	1548867807288	1548867807421	OK	 
REQUEST	10		enter_dob_page	1548867807289	1548867807423	OK	 
REQUEST	27		send_dob	1548867807310	1548867807434	OK	 
USER	ClaimSimulation	27	END	1548867805924	1548867807435
REQUEST	24		send_dob	1548867807310	1548867807436	OK	 
REQUEST	1		send_dob	1548867807313	1548867807436	OK	 
REQUEST	34		send_dob	1548867807314	1548867807437	OK	 
REQUEST	25		send_dob	1548867807314	1548867807437	OK	 
REQUEST	3		send_dob	1548867807312	1548867807438	OK	 
USER	ClaimSimulation	24	END	1548867805918	1548867807437
USER	ClaimSimulation	1	END	1548867805839	1548867807437
USER	ClaimSimulation	34	END	1548867805935	1548867807438
USER	ClaimSimulation	25	END	1548867805920	1548867807438
USER	ClaimSimulation	3	END	1548867805887	1548867807439
REQUEST	6		send_dob	1548867807322	1548867807458	OK	 
REQUEST	15		send_dob	1548867807326	1548867807459	OK	 
REQUEST	20		send_dob	1548867807324	1548867807459	OK	 
USER	ClaimSimulation	6	END	1548867805894	1548867807459
USER	ClaimSimulation	20	END	1548867805911	1548867807460
REQUEST	28		send_dob	1548867807320	1548867807460	OK	 
USER	ClaimSimulation	15	END	1548867805903	1548867807461
USER	ClaimSimulation	28	END	1548867805927	1548867807461
REQUEST	21		send_dob	1548867807327	1548867807461	OK	 
USER	ClaimSimulation	21	END	1548867805913	1548867807462
REQUEST	13		send_dob	1548867807329	1548867807462	OK	 
USER	ClaimSimulation	13	END	1548867805899	1548867807463
REQUEST	18		send_dob	1548867807330	1548867807463	OK	 
USER	ClaimSimulation	18	END	1548867805906	1548867807464
REQUEST	38		enter_dob_page	1548867807325	1548867807464	OK	 
REQUEST	30		send_dob	1548867807328	1548867807467	OK	 
USER	ClaimSimulation	30	END	1548867805929	1548867807468
REQUEST	29		send_dob	1548867807330	1548867807469	OK	 
USER	ClaimSimulation	29	END	1548867805928	1548867807470
REQUEST	45		send_dob	1548867807353	1548867807513	OK	 
USER	ClaimSimulation	45	END	1548867805966	1548867807514
REQUEST	47		send_dob	1548867807355	1548867807515	OK	 
USER	ClaimSimulation	47	END	1548867805967	1548867807516
REQUEST	44		send_dob	1548867807352	1548867807513	OK	 
REQUEST	40		send_dob	1548867807354	1548867807517	OK	 
REQUEST	32		send_dob	1548867807363	1548867807518	OK	 
REQUEST	36		send_dob	1548867807366	1548867807519	OK	 
USER	ClaimSimulation	44	END	1548867805964	1548867807516
USER	ClaimSimulation	40	END	1548867805946	1548867807517
USER	ClaimSimulation	32	END	1548867805933	1548867807519
USER	ClaimSimulation	36	END	1548867805939	1548867807519
REQUEST	31		send_dob	1548867807351	1548867807520	OK	 
REQUEST	19		send_dob	1548867807357	1548867807522	OK	 
REQUEST	11		send_dob	1548867807358	1548867807523	OK	 
REQUEST	39		send_dob	1548867807359	1548867807523	OK	 
USER	ClaimSimulation	31	END	1548867805931	1548867807521
USER	ClaimSimulation	19	END	1548867805909	1548867807522
USER	ClaimSimulation	11	END	1548867805898	1548867807523
REQUEST	41		send_dob	1548867807354	1548867807524	OK	 
USER	ClaimSimulation	41	END	1548867805947	1548867807525
REQUEST	49		send_dob	1548867807365	1548867807526	OK	 
USER	ClaimSimulation	49	END	1548867805969	1548867807526
REQUEST	17		send_dob	1548867807364	1548867807527	OK	 
USER	ClaimSimulation	17	END	1548867805906	1548867807527
USER	ClaimSimulation	39	END	1548867805944	1548867807528
REQUEST	2		send_dob	1548867807374	1548867807546	OK	 
USER	ClaimSimulation	2	END	1548867805884	1548867807547
REQUEST	9		send_dob	1548867807389	1548867807548	OK	 
USER	ClaimSimulation	9	END	1548867805896	1548867807549
REQUEST	33		send_dob	1548867807388	1548867807550	OK	 
USER	ClaimSimulation	33	END	1548867805935	1548867807550
REQUEST	37		send_dob	1548867807409	1548867807551	OK	 
USER	ClaimSimulation	37	END	1548867805941	1548867807551
REQUEST	23		send_dob	1548867807389	1548867807552	OK	 
USER	ClaimSimulation	23	END	1548867805916	1548867807553
REQUEST	7		send_dob	1548867807392	1548867807553	OK	 
USER	ClaimSimulation	7	END	1548867805895	1548867807554
REQUEST	16		send_dob	1548867807386	1548867807548	OK	 
USER	ClaimSimulation	16	END	1548867805905	1548867807555
REQUEST	12		send_dob	1548867807391	1548867807555	OK	 
USER	ClaimSimulation	12	END	1548867805898	1548867807555
REQUEST	4		send_dob	1548867807394	1548867807556	OK	 
USER	ClaimSimulation	4	END	1548867805892	1548867807556
REQUEST	26		send_dob	1548867807391	1548867807557	OK	 
USER	ClaimSimulation	26	END	1548867805923	1548867807557
REQUEST	46		send_dob	1548867807395	1548867807558	OK	 
USER	ClaimSimulation	46	END	1548867805967	1548867807558
REQUEST	42		send_dob	1548867807394	1548867807559	OK	 
USER	ClaimSimulation	42	END	1548867805949	1548867807559
REQUEST	48		send_dob	1548867807413	1548867807570	OK	 
REQUEST	5		send_dob	1548867807411	1548867807570	OK	 
USER	ClaimSimulation	5	END	1548867805893	1548867807571
USER	ClaimSimulation	48	END	1548867805969	1548867807571
REQUEST	43		send_dob	1548867807413	1548867807571	OK	 
REQUEST	22		send_dob	1548867807421	1548867807572	OK	 
REQUEST	35		send_dob	1548867807414	1548867807573	OK	 
REQUEST	50		send_dob	1548867807422	1548867807573	OK	 
REQUEST	10		send_dob	1548867807423	1548867807574	OK	 
USER	ClaimSimulation	43	END	1548867805950	1548867807572
USER	ClaimSimulation	22	END	1548867805914	1548867807573
USER	ClaimSimulation	35	END	1548867805937	1548867807573
USER	ClaimSimulation	50	END	1548867805970	1548867807573
USER	ClaimSimulation	10	END	1548867805897	1548867807574
REQUEST	38		send_dob	1548867807465	1548867807576	OK	 
USER	ClaimSimulation	38	END	1548867805942	1548867807577
